WARNING: ODP disabled on 896 of 896 processes which are missing support.
         To suppress this message set environment variable
         GASNET_ODP_VERBOSE=0 or reconfigure with --disable-ibv-odp
         (see ibv-conduit's README for more information).
         To see additional details set environment variable
         GASNET_ODP_VERBOSE=2 (or higher).
Config: Print gitter output: 1
Config: Can steal during termination (when graph partially terminated): 0
Config: Checkpoint output: 1
Config: Cooldown between steal tries and attempts: 1
Config: Additional barrier after checkpoint output: 0
Config: Steal only neighboring actors (local)
Config: Steal from the busiest of the allowed ranks (busy)
Config: UPCXX codemode: undefined
Config: Going away limit is: 1
Config: Order victims: 0
Config: Contigious migration: 0
Config: Using time spent in act() as the base for migration.
Config: Not using actor triggers
Config: Using rma to exchange task info.
Config: Use synchronized calls during init: 0
*** Caught a signal (proc 140): SIGTERM(15)
slurmstepd: error: *** JOB 115063 ON i22r01c01s01 CANCELLED AT 2022-08-03T18:33:24 DUE TO TIME LIMIT ***
*** Caught a signal (proc 84): SIGTERM(15)
--------------------------------------------------------------------------
ORTE has lost communication with a remote daemon.

  HNP daemon   : [[16806,0],0] on node i22r01c01s01
  Remote daemon: [[16806,0],5] on node i22r03c05s03

This is usually due to either a failure of the TCP network
connection to the node, or possibly an internal failure of
the daemon itself. We cannot recover from this failure, and
therefore will terminate the job.
--------------------------------------------------------------------------
