This file contains any messages produced by compilers while
running configure, to aid debugging if configure makes a mistake.

It was created by cuda_automake configure 1.0, which was
generated by GNU Autoconf 2.71.  Invocation command line was

  $ ./configure --with-cuda=/opt/nvidia/hpc_sdk/Linux_x86_64/23.3/cuda --with-arch=sm_86

## --------- ##
## Platform. ##
## --------- ##

hostname = primrose
uname -m = x86_64
uname -r = 6.2.0-25-generic
uname -s = Linux
uname -v = #25-Ubuntu SMP PREEMPT_DYNAMIC Fri Jun 16 17:05:07 UTC 2023

/usr/bin/uname -p = x86_64
/bin/uname -X     = unknown

/bin/arch              = x86_64
/usr/bin/arch -k       = unknown
/usr/convex/getsysinfo = unknown
/usr/bin/hostinfo      = unknown
/bin/machine           = unknown
/usr/bin/oslevel       = unknown
/bin/universe          = unknown

PATH: /opt/nvidia/hpc_sdk/Linux_x86_64/23.3/compilers/bin/
PATH: /opt/nvidia/hpc_sdk/Linux_x86_64/23.3/profilers/Nsight_Compute/
PATH: /home/primrose/.local/bin/
PATH: /home/primrose/Installed/spack/bin/
PATH: /opt/nvidia/hpc_sdk/Linux_x86_64/23.3/compilers/bin/
PATH: /opt/nvidia/hpc_sdk/Linux_x86_64/23.3/profilers/Nsight_Compute/
PATH: /home/primrose/.cargo/bin/
PATH: /home/primrose/.local/bin/
PATH: /usr/local/sbin/
PATH: /usr/local/bin/
PATH: /usr/sbin/
PATH: /usr/bin/
PATH: /sbin/
PATH: /bin/
PATH: /usr/games/
PATH: /usr/local/games/
PATH: /snap/bin/
PATH: /snap/bin/


## ----------- ##
## Core tests. ##
## ----------- ##

configure:2016: looking for aux files: missing install-sh
configure:2029:  trying ./
configure:2058:   ./missing found
configure:2040:   ./install-sh found
configure:2187: checking for a BSD-compatible install
configure:2260: result: /usr/bin/install -c
configure:2271: checking whether build environment is sane
configure:2326: result: yes
configure:2485: checking for a race-free mkdir -p
configure:2529: result: /usr/bin/mkdir -p
configure:2536: checking for gawk
configure:2571: result: no
configure:2536: checking for mawk
configure:2557: found /usr/bin/mawk
configure:2568: result: mawk
configure:2579: checking whether make sets $(MAKE)
configure:2602: result: yes
configure:2632: checking whether make supports nested variables
configure:2650: result: yes
configure:2915: checking for C++ compiler version
configure:2924: nvc++ --version >&5

nvc++ 23.3-0 64-bit target on x86-64 Linux -tp zen3 
NVIDIA Compilers and Tools
Copyright (c) 2022, NVIDIA CORPORATION & AFFILIATES.  All rights reserved.
configure:2935: $? = 0
configure:2924: nvc++ -v >&5
Export NVCOMPILER=/opt/nvidia/hpc_sdk/Linux_x86_64/23.3
Export PGI=/opt/nvidia/hpc_sdk
nvc++-Warning-No files to process

configure:2935: $? = 0
configure:2924: nvc++ -V >&5

nvc++ 23.3-0 64-bit target on x86-64 Linux -tp zen3 
NVIDIA Compilers and Tools
Copyright (c) 2022, NVIDIA CORPORATION & AFFILIATES.  All rights reserved.
configure:2935: $? = 0
configure:2924: nvc++ -qversion >&5
nvc++-Error-Unknown switch: -qversion
configure:2935: $? = 1
configure:2955: checking whether the C++ compiler works
configure:2977: nvc++    conftest.cpp  >&5
configure:2981: $? = 0
configure:3031: result: yes
configure:3034: checking for C++ compiler default output file name
configure:3036: result: a.out
configure:3042: checking for suffix of executables
configure:3049: nvc++ -o conftest    conftest.cpp  >&5
configure:3053: $? = 0
configure:3076: result: 
configure:3098: checking whether we are cross compiling
configure:3106: nvc++ -o conftest    conftest.cpp  >&5
"conftest.cpp", line 19: warning: statement is unreachable [code_is_unreachable]
    return 0;
    ^

Remark: individual warnings can be suppressed with "--diag_suppress <warning-name>"

configure:3110: $? = 0
configure:3117: ./conftest
configure:3121: $? = 0
configure:3136: result: no
configure:3141: checking for suffix of object files
configure:3164: nvc++ -c   conftest.cpp >&5
configure:3168: $? = 0
configure:3190: result: o
configure:3194: checking whether the compiler supports GNU C++
configure:3214: nvc++ -c   conftest.cpp >&5
configure:3214: $? = 0
configure:3224: result: yes
configure:3235: checking whether nvc++ accepts -g
configure:3256: nvc++ -c -g  conftest.cpp >&5
configure:3256: $? = 0
configure:3300: result: yes
configure:3320: checking for nvc++ option to enable C++11 features
configure:3335: nvc++  -c -g -O2  conftest.cpp >&5
"conftest.cpp", line 134: warning: variable "a1" was declared but never referenced [declared_but_not_referenced]
    auto a1 = 6538;
         ^

Remark: individual warnings can be suppressed with "--diag_suppress <warning-name>"

"conftest.cpp", line 135: warning: variable "a2" was set but never used [set_but_not_used]
    auto a2 = 48573953.4;
         ^

"conftest.cpp", line 141: warning: variable "a4" was declared but never referenced [declared_but_not_referenced]
    decltype(a2) a4 = 34895.034;
                 ^

"conftest.cpp", line 145: warning: variable "sa" was declared but never referenced [declared_but_not_referenced]
    short sa[cxx11test::get_val()] = { 0 };
          ^

"conftest.cpp", line 149: warning: variable "il" was declared but never referenced [declared_but_not_referenced]
    cxx11test::testinit il = { 4323, 435234.23544 };
                        ^

"conftest.cpp", line 186: warning: variable "c" was declared but never referenced [declared_but_not_referenced]
    char *c = nullptr;
          ^

"conftest.cpp", line 194: warning: variable "utf8" was declared but never referenced [declared_but_not_referenced]
    char const *utf8 = u8"UTF-8 string \u2500";
                ^

"conftest.cpp", line 195: warning: variable "utf16" was declared but never referenced [declared_but_not_referenced]
    char16_t const *utf16 = u"UTF-8 string \u2500";
                    ^

"conftest.cpp", line 196: warning: variable "utf32" was declared but never referenced [declared_but_not_referenced]
    char32_t const *utf32 = U"UTF-32 string \u2500";
                    ^

configure:3335: $? = 0
configure:3353: result: none needed
configure:3420: checking whether make supports the include directive
configure:3435: make -f confmf.GNU && cat confinc.out
this is the am__doit target
configure:3438: $? = 0
configure:3457: result: yes (GNU style)
configure:3483: checking dependency style of nvc++
configure:3595: result: tcc
configure:3663: checking for ranlib
configure:3684: found /usr/bin/ranlib
configure:3695: result: ranlib
configure:3741: checking for GPU arch
configure:3892: checking that generated files are newer than configure
configure:3898: result: done
configure:3921: creating ./config.status

## ---------------------- ##
## Running config.status. ##
## ---------------------- ##

This file was extended by cuda_automake config.status 1.0, which was
generated by GNU Autoconf 2.71.  Invocation command line was

  CONFIG_FILES    = 
  CONFIG_HEADERS  = 
  CONFIG_LINKS    = 
  CONFIG_COMMANDS = 
  $ ./config.status 

on primrose

config.status:842: creating Makefile
config.status:842: creating src/Makefile
config.status:842: creating src/config.h
config.status:1071: executing depfiles commands
config.status:1148: cd src       && sed -e '/# am--include-marker/d' Makefile         | make -f - am--depfiles
make: Nothing to be done for 'am--depfiles'.
config.status:1153: $? = 0

## ---------------- ##
## Cache variables. ##
## ---------------- ##

ac_cv_cxx_compiler_gnu=yes
ac_cv_env_CCC_set=
ac_cv_env_CCC_value=
ac_cv_env_CPPFLAGS_set=
ac_cv_env_CPPFLAGS_value=
ac_cv_env_CXXFLAGS_set=
ac_cv_env_CXXFLAGS_value=
ac_cv_env_CXX_set=set
ac_cv_env_CXX_value=nvc++
ac_cv_env_LDFLAGS_set=
ac_cv_env_LDFLAGS_value=
ac_cv_env_LIBS_set=
ac_cv_env_LIBS_value=
ac_cv_env_build_alias_set=
ac_cv_env_build_alias_value=
ac_cv_env_host_alias_set=
ac_cv_env_host_alias_value=
ac_cv_env_target_alias_set=
ac_cv_env_target_alias_value=
ac_cv_objext=o
ac_cv_path_install='/usr/bin/install -c'
ac_cv_path_mkdir=/usr/bin/mkdir
ac_cv_prog_AWK=mawk
ac_cv_prog_ac_ct_RANLIB=ranlib
ac_cv_prog_cxx_cxx11=
ac_cv_prog_cxx_g=yes
ac_cv_prog_cxx_stdcxx=
ac_cv_prog_make_make_set=yes
am_cv_CXX_dependencies_compiler_type=tcc
am_cv_make_support_nested_variables=yes

## ----------------- ##
## Output variables. ##
## ----------------- ##

ACLOCAL='${SHELL} '\''/home/primrose/Work/aux/cuda_automake/missing'\'' aclocal-1.16'
AMDEPBACKSLASH='\'
AMDEP_FALSE='#'
AMDEP_TRUE=''
AMTAR='$${TAR-tar}'
AM_BACKSLASH='\'
AM_DEFAULT_V='$(AM_DEFAULT_VERBOSITY)'
AM_DEFAULT_VERBOSITY='1'
AM_V='$(V)'
AUTOCONF='${SHELL} '\''/home/primrose/Work/aux/cuda_automake/missing'\'' autoconf'
AUTOHEADER='${SHELL} '\''/home/primrose/Work/aux/cuda_automake/missing'\'' autoheader'
AUTOMAKE='${SHELL} '\''/home/primrose/Work/aux/cuda_automake/missing'\'' automake-1.16'
AWK='mawk'
CPPFLAGS=''
CSCOPE='cscope'
CTAGS='ctags'
CUDA_INCLUDE_FLAGS='-I/opt/nvidia/hpc_sdk/Linux_x86_64/23.3/cuda/include'
CUDA_LIBS='-L/opt/nvidia/hpc_sdk/Linux_x86_64/23.3/cuda/lib64 -lcudart'
CUDA_PATH='/opt/nvidia/hpc_sdk/Linux_x86_64/23.3/cuda'
CXX='nvc++'
CXXDEPMODE='depmode=tcc'
CXXFLAGS='-g -O2'
CYGPATH_W='echo'
DEFS='-DHAVE_CONFIG_H'
DEPDIR='.deps'
ECHO_C=''
ECHO_N='-n'
ECHO_T=''
ETAGS='etags'
EXEEXT=''
INSTALL_DATA='${INSTALL} -m 644'
INSTALL_PROGRAM='${INSTALL}'
INSTALL_SCRIPT='${INSTALL}'
INSTALL_STRIP_PROGRAM='$(install_sh) -c -s'
LDFLAGS=''
LIBOBJS=''
LIBS=''
LTLIBOBJS=''
MAKEINFO='${SHELL} '\''/home/primrose/Work/aux/cuda_automake/missing'\'' makeinfo'
MKDIR_P='/usr/bin/mkdir -p'
NVCC='/opt/nvidia/hpc_sdk/Linux_x86_64/23.3/cuda/bin/nvcc'
OBJEXT='o'
PACKAGE='cuda_automake'
PACKAGE_BUGREPORT=''
PACKAGE_NAME='cuda_automake'
PACKAGE_STRING='cuda_automake 1.0'
PACKAGE_TARNAME='cuda_automake'
PACKAGE_URL=''
PACKAGE_VERSION='1.0'
PATH_SEPARATOR=':'
RANLIB='ranlib'
SET_MAKE=''
SHELL='/bin/bash'
STRIP=''
VERSION='1.0'
ac_ct_CXX=''
am__EXEEXT_FALSE=''
am__EXEEXT_TRUE='#'
am__fastdepCXX_FALSE=''
am__fastdepCXX_TRUE='#'
am__include='include'
am__isrc=''
am__leading_dot='.'
am__nodep='_no'
am__quote=''
am__tar='$${TAR-tar} chof - "$$tardir"'
am__untar='$${TAR-tar} xf -'
bindir='${exec_prefix}/bin'
build_alias=''
datadir='${datarootdir}'
datarootdir='${prefix}/share'
docdir='${datarootdir}/doc/${PACKAGE_TARNAME}'
dvidir='${docdir}'
exec_prefix='${prefix}'
host_alias=''
htmldir='${docdir}'
includedir='${prefix}/include'
infodir='${datarootdir}/info'
install_sh='${SHELL} /home/primrose/Work/aux/cuda_automake/install-sh'
libdir='${exec_prefix}/lib'
libexecdir='${exec_prefix}/libexec'
localedir='${datarootdir}/locale'
localstatedir='${prefix}/var'
mandir='${datarootdir}/man'
mkdir_p='$(MKDIR_P)'
oldincludedir='/usr/include'
pdfdir='${docdir}'
prefix='/usr/local'
program_transform_name='s,x,x,'
psdir='${docdir}'
runstatedir='${localstatedir}/run'
sbindir='${exec_prefix}/sbin'
sharedstatedir='${prefix}/com'
sysconfdir='${prefix}/etc'
target_alias=''

## ----------- ##
## confdefs.h. ##
## ----------- ##

/* confdefs.h */
#define PACKAGE_NAME "cuda_automake"
#define PACKAGE_TARNAME "cuda_automake"
#define PACKAGE_VERSION "1.0"
#define PACKAGE_STRING "cuda_automake 1.0"
#define PACKAGE_BUGREPORT ""
#define PACKAGE_URL ""
#define PACKAGE "cuda_automake"
#define VERSION "1.0"

configure: exit 0
